C:\CYGNUS CONSULTING\EPGCOLLECTOR 4.2\EPGCOLLECTOR\TSMEMORYSHARE\RELEASE\PSIMEMORYSHARE.DLL
C:\CYGNUS CONSULTING\EPGCOLLECTOR 4.2\EPGCOLLECTOR\TSMEMORYSHARE\RELEASE\PSIMEMORYSHARE.DLL.INTERMEDIATE.MANIFEST
C:\Cygnus Consulting\EPGCollector 4.2\EPGCollector\TSMemoryShare\Release\PSIMemoryShare.exp
C:\Cygnus Consulting\EPGCollector 4.2\EPGCollector\TSMemoryShare\Release\PSIMemoryShare.lib
C:\CYGNUS CONSULTING\EPGCOLLECTOR 4.2\EPGCOLLECTOR\TSMEMORYSHARE\RELEASE\PSIMEMORYSHARE.PDB
C:\CYGNUS CONSULTING\EPGCOLLECTOR 4.2\EPGCOLLECTOR\TSMEMORYSHARE\RELEASE\SETUP.OBJ
C:\CYGNUS CONSULTING\EPGCOLLECTOR 4.2\EPGCOLLECTOR\TSMEMORYSHARE\RELEASE\SHAREDMEM.OBJ
C:\CYGNUS CONSULTING\EPGCOLLECTOR 4.2\EPGCOLLECTOR\TSMEMORYSHARE\RELEASE\TSMEMORYSHARE.RES
C:\CYGNUS CONSULTING\EPGCOLLECTOR 4.2\EPGCOLLECTOR\TSMEMORYSHARE\RELEASE\TSMEMSINK.OBJ
C:\Cygnus Consulting\EPGCollector 4.3\EPGCollector\TSMemoryShare\Release\cl.command.1.tlog
C:\Cygnus Consulting\EPGCollector 4.3\EPGCollector\TSMemoryShare\Release\CL.read.1.tlog
C:\Cygnus Consulting\EPGCollector 4.3\EPGCollector\TSMemoryShare\Release\CL.write.1.tlog
C:\Cygnus Consulting\EPGCollector 4.3\EPGCollector\TSMemoryShare\Release\link.command.1.tlog
C:\Cygnus Consulting\EPGCollector 4.3\EPGCollector\TSMemoryShare\Release\link.read.1.tlog
C:\Cygnus Consulting\EPGCollector 4.3\EPGCollector\TSMemoryShare\Release\link.write.1.tlog
C:\Cygnus Consulting\EPGCollector 4.3\EPGCollector\TSMemoryShare\Release\link-cvtres.read.1.tlog
C:\Cygnus Consulting\EPGCollector 4.3\EPGCollector\TSMemoryShare\Release\link-cvtres.write.1.tlog
C:\Cygnus Consulting\EPGCollector 4.3\EPGCollector\TSMemoryShare\Release\mt.command.1.tlog
C:\Cygnus Consulting\EPGCollector 4.3\EPGCollector\TSMemoryShare\Release\mt.read.1.tlog
C:\Cygnus Consulting\EPGCollector 4.3\EPGCollector\TSMemoryShare\Release\mt.write.1.tlog
C:\CYGNUS CONSULTING\EPGCOLLECTOR 4.3\EPGCOLLECTOR\TSMEMORYSHARE\RELEASE\PSIMEMORYSHARE.DLL
C:\CYGNUS CONSULTING\EPGCOLLECTOR 4.3\EPGCOLLECTOR\TSMEMORYSHARE\RELEASE\PSIMEMORYSHARE.DLL.INTERMEDIATE.MANIFEST
C:\Cygnus Consulting\EPGCollector 4.3\EPGCollector\TSMemoryShare\Release\PSIMemoryShare.exp
C:\Cygnus Consulting\EPGCollector 4.3\EPGCollector\TSMemoryShare\Release\PSIMemoryShare.lib
C:\CYGNUS CONSULTING\EPGCOLLECTOR 4.3\EPGCOLLECTOR\TSMEMORYSHARE\RELEASE\PSIMEMORYSHARE.PDB
C:\Cygnus Consulting\EPGCollector 4.3\EPGCollector\TSMemoryShare\Release\rc.command.1.tlog
C:\Cygnus Consulting\EPGCollector 4.3\EPGCollector\TSMemoryShare\Release\rc.read.1.tlog
C:\Cygnus Consulting\EPGCollector 4.3\EPGCollector\TSMemoryShare\Release\rc.write.1.tlog
C:\CYGNUS CONSULTING\EPGCOLLECTOR 4.3\EPGCOLLECTOR\TSMEMORYSHARE\RELEASE\SETUP.OBJ
C:\CYGNUS CONSULTING\EPGCOLLECTOR 4.3\EPGCOLLECTOR\TSMEMORYSHARE\RELEASE\SHAREDMEM.OBJ
C:\CYGNUS CONSULTING\EPGCOLLECTOR 4.3\EPGCOLLECTOR\TSMEMORYSHARE\RELEASE\TSMEMORYSHARE.RES
C:\Cygnus Consulting\EPGCollector 4.3\EPGCollector\TSMemoryShare\Release\TSMemoryShare.write.1.tlog
C:\CYGNUS CONSULTING\EPGCOLLECTOR 4.3\EPGCOLLECTOR\TSMEMORYSHARE\RELEASE\TSMEMSINK.OBJ
